This is pdfTeX, Version 3.14159265-2.6-1.40.15 (MiKTeX 2.9 64-bit) (preloaded format=pdflatex 2017.1.6)  5 NOV 2018 18:27
entering extended mode
**jihmsp-sample.tex
(jihmsp-sample.tex
LaTeX2e <2014/05/01>
Babel <3.9l> and hyphenation patterns for 68 languages loaded.
(jihmsp.cls
Document Class: jihmsp 1999/05/06 v1.0
\linespacing=\dimen102
\normalparindent=\dimen103
\normaltopskip=\skip41
("C:\Program Files\MiKTeX 2.9\tex\latex\amsmath\amsgen.sty"
File: amsgen.sty 1999/11/30 v2.0
\@emptytoks=\toks14
\ex@=\dimen104
)
("C:\Program Files\MiKTeX 2.9\tex\latex\amsmath\amsmath.sty"
Package: amsmath 2013/01/14 v2.14 AMS math features
\@mathmargin=\skip42

For additional information on amsmath, use the `?' option.
("C:\Program Files\MiKTeX 2.9\tex\latex\amsmath\amstext.sty"
Package: amstext 2000/06/29 v2.01
)
("C:\Program Files\MiKTeX 2.9\tex\latex\amsmath\amsbsy.sty"
Package: amsbsy 1999/11/29 v1.2d
\pmbraise@=\dimen105
)
("C:\Program Files\MiKTeX 2.9\tex\latex\amsmath\amsopn.sty"
Package: amsopn 1999/12/14 v2.01 operator names
)
\inf@bad=\count79
LaTeX Info: Redefining \frac on input line 210.
\uproot@=\count80
\leftroot@=\count81
LaTeX Info: Redefining \overline on input line 306.
\classnum@=\count82
\DOTSCASE@=\count83
LaTeX Info: Redefining \ldots on input line 378.
LaTeX Info: Redefining \dots on input line 381.
LaTeX Info: Redefining \cdots on input line 466.
\Mathstrutbox@=\box26
\strutbox@=\box27
\big@size=\dimen106
LaTeX Font Info:    Redeclaring font encoding OML on input line 566.
LaTeX Font Info:    Redeclaring font encoding OMS on input line 567.
\macc@depth=\count84
\c@MaxMatrixCols=\count85
\dotsspace@=\muskip10
\c@parentequation=\count86
\dspbrk@lvl=\count87
\tag@help=\toks15
\row@=\count88
\column@=\count89
\maxfields@=\count90
\andhelp@=\toks16
\eqnshift@=\dimen107
\alignsep@=\dimen108
\tagshift@=\dimen109
\tagwidth@=\dimen110
\totwidth@=\dimen111
\lineht@=\dimen112
\@envbody=\toks17
\multlinegap=\skip43
\multlinetaggap=\skip44
\mathdisplay@stack=\toks18
LaTeX Info: Redefining \[ on input line 2665.
LaTeX Info: Redefining \] on input line 2666.
)
LaTeX Font Info:    Try loading font information for U+msa on input line 323.

("C:\Program Files\MiKTeX 2.9\tex\latex\amsfonts\umsa.fd"
File: umsa.fd 2013/01/14 v3.01 AMS symbols A
)
("C:\Program Files\MiKTeX 2.9\tex\latex\amsfonts\amsfonts.sty"
Package: amsfonts 2013/01/14 v3.01 Basic AMSFonts support
\symAMSa=\mathgroup4
\symAMSb=\mathgroup5
LaTeX Font Info:    Overwriting math alphabet `\mathfrak' in version `bold'
(Font)                  U/euf/m/n --> U/euf/b/n on input line 106.
)
\copyins=\insert233
\abstractbox=\box28
\listisep=\skip45
\c@part=\count91
\c@section=\count92
\c@subsection=\count93
\c@subsubsection=\count94
\c@paragraph=\count95
\c@@refsection=\count96
\c@figure=\count97
\c@table=\count98
\abovecaptionskip=\skip46
\belowcaptionskip=\skip47
\captionindent=\dimen113

("C:\Program Files\MiKTeX 2.9\tex\latex\amscls\amsthm.sty"
Package: amsthm 2009/07/02 v2.20.1
\thm@style=\toks19
\thm@bodyfont=\toks20
\thm@headfont=\toks21
\thm@notefont=\toks22
\thm@headpunct=\toks23
\thm@preskip=\skip48
\thm@postskip=\skip49
\thm@headsep=\skip50
\dth@everypar=\toks24
))
\c@corollary=\count99
\c@theorem=\count100
\c@lemma=\count101
\c@proposition=\count102
\c@remark=\count103
\c@definition=\count104
\c@example=\count105

("C:\Program Files\MiKTeX 2.9\tex\latex\graphics\graphicx.sty"
Package: graphicx 2014/10/28 v1.0g Enhanced LaTeX Graphics (DPC,SPQR)

("C:\Program Files\MiKTeX 2.9\tex\latex\graphics\keyval.sty"
Package: keyval 2014/10/28 v1.15 key=value parser (DPC)
\KV@toks@=\toks25
)
("C:\Program Files\MiKTeX 2.9\tex\latex\graphics\graphics.sty"
Package: graphics 2014/10/28 v1.0p Standard LaTeX Graphics (DPC,SPQR)

("C:\Program Files\MiKTeX 2.9\tex\latex\graphics\trig.sty"
Package: trig 1999/03/16 v1.09 sin cos tan (DPC)
)
("C:\Program Files\MiKTeX 2.9\tex\latex\00miktex\graphics.cfg"
File: graphics.cfg 2007/01/18 v1.5 graphics configuration of teTeX/TeXLive
)
Package graphics Info: Driver file: pdftex.def on input line 91.

("C:\Program Files\MiKTeX 2.9\tex\latex\pdftex-def\pdftex.def"
File: pdftex.def 2011/05/27 v0.06d Graphics/color for pdfTeX

("C:\Program Files\MiKTeX 2.9\tex\generic\oberdiek\infwarerr.sty"
Package: infwarerr 2010/04/08 v1.3 Providing info/warning/error messages (HO)
)
("C:\Program Files\MiKTeX 2.9\tex\generic\oberdiek\ltxcmds.sty"
Package: ltxcmds 2011/11/09 v1.22 LaTeX kernel commands for general use (HO)
)
\Gread@gobject=\count106
))
\Gin@req@height=\dimen114
\Gin@req@width=\dimen115
)
("C:\Program Files\MiKTeX 2.9\tex\latex\caption\caption.sty"
Package: caption 2013/05/02 v3.3-89 Customizing captions (AR)

("C:\Program Files\MiKTeX 2.9\tex\latex\caption\caption3.sty"
Package: caption3 2013/05/02 v1.6-88 caption3 kernel (AR)
Package caption3 Info: TeX engine: e-TeX on input line 57.
\captionmargin=\dimen116
\captionmargin@=\dimen117
\captionwidth=\dimen118
\caption@tempdima=\dimen119
\caption@indent=\dimen120
\caption@parindent=\dimen121
\caption@hangindent=\dimen122
Package caption Info: Unknown document class (or package),
(caption)             standard defaults will be used.
)

Package caption Warning: Unsupported document class (or package) detected,
(caption)                usage of the caption package is not recommended.
See the caption package documentation for explanation.

Package caption Info: \@makecaption = \long macro:#1#2->\setbox \@tempboxa \vbo
x {\color@setgroup \advance \hsize -2\captionindent \noindent \@captionfont \@c
aptionheadfont #1\@xp \@ifnotempty \@xp {\@cdr #2\@nil }{.\@captionfont \upshap
e \enspace #2}\unskip \kern -2\captionindent \par \global \setbox \@ne \lastbox
 \color@endgroup }\ifhbox \@ne \setbox \@ne \hbox {\unhbox \@ne \unskip \unskip
 \unpenalty \unkern }\fi \ifdim \wd \@tempboxa =\z@ \setbox \@ne \hbox to\colum
nwidth {\hss \kern -2\captionindent \box \@ne \hss }\else \setbox \@ne \vbox {\
unvbox \@tempboxa \parskip \z@skip \noindent \unhbox \@ne \advance \hsize -2\ca
ptionindent \par }\fi \ifnum \@tempcnta <64 \addvspace \abovecaptionskip \mover
ight \captionindent \box \@ne \else \moveright \captionindent \box \@ne \nobrea
k \vskip \belowcaptionskip \fi \relax .
Package caption Info: AMS or SMF document class.
\c@ContinuedFloat=\count107
) ("C:\Program Files\MiKTeX 2.9\tex\latex\caption\subcaption.sty"
Package: subcaption 2013/02/03 v1.1-62 Sub-captions (AR)
\c@subfigure=\count108
\c@subtable=\count109
)
("C:\Program Files\MiKTeX 2.9\tex\latex\tools\multicol.sty"
Package: multicol 2014/10/28 v1.8i multicolumn formatting (FMi)
\c@tracingmulticols=\count110
\mult@box=\box29
\multicol@leftmargin=\dimen123
\c@unbalance=\count111
\c@collectmore=\count112
\doublecol@number=\count113
\multicoltolerance=\count114
\multicolpretolerance=\count115
\full@width=\dimen124
\page@free=\dimen125
\premulticols=\dimen126
\postmulticols=\dimen127
\multicolsep=\skip51
\multicolbaselineskip=\skip52
\partial@page=\box30
\last@line=\box31
\maxbalancingoverflow=\dimen128
\mult@rightbox=\box32
\mult@grightbox=\box33
\mult@gfirstbox=\box34
\mult@firstbox=\box35
\@tempa=\box36
\@tempa=\box37
\@tempa=\box38
\@tempa=\box39
\@tempa=\box40
\@tempa=\box41
\@tempa=\box42
\@tempa=\box43
\@tempa=\box44
\@tempa=\box45
\@tempa=\box46
\@tempa=\box47
\@tempa=\box48
\@tempa=\box49
\@tempa=\box50
\@tempa=\box51
\@tempa=\box52
\c@columnbadness=\count116
\c@finalcolumnbadness=\count117
\last@try=\dimen129
\multicolovershoot=\dimen130
\multicolundershoot=\dimen131
\mult@nat@firstbox=\box53
\colbreak@box=\box54
\mc@col@check@num=\count118
)
("C:\Program Files\MiKTeX 2.9\tex\latex\booktabs\booktabs.sty"
Package: booktabs 2005/04/14 v1.61803 publication quality tables
\heavyrulewidth=\dimen132
\lightrulewidth=\dimen133
\cmidrulewidth=\dimen134
\belowrulesep=\dimen135
\belowbottomsep=\dimen136
\aboverulesep=\dimen137
\abovetopsep=\dimen138
\cmidrulesep=\dimen139
\cmidrulekern=\dimen140
\defaultaddspace=\dimen141
\@cmidla=\count119
\@cmidlb=\count120
\@aboverulesep=\dimen142
\@belowrulesep=\dimen143
\@thisruleclass=\count121
\@lastruleclass=\count122
\@thisrulewidth=\dimen144
)
(jihmsp-sample.aux)
LaTeX Font Info:    Checking defaults for OML/cmm/m/it on input line 64.
LaTeX Font Info:    ... okay on input line 64.
LaTeX Font Info:    Checking defaults for T1/cmr/m/n on input line 64.
LaTeX Font Info:    ... okay on input line 64.
LaTeX Font Info:    Checking defaults for OT1/cmr/m/n on input line 64.
LaTeX Font Info:    ... okay on input line 64.
LaTeX Font Info:    Checking defaults for OMS/cmsy/m/n on input line 64.
LaTeX Font Info:    ... okay on input line 64.
LaTeX Font Info:    Checking defaults for OMX/cmex/m/n on input line 64.
LaTeX Font Info:    ... okay on input line 64.
LaTeX Font Info:    Checking defaults for U/cmr/m/n on input line 64.
LaTeX Font Info:    ... okay on input line 64.
LaTeX Font Info:    Try loading font information for U+msa on input line 64.
 ("C:\Program Files\MiKTeX 2.9\tex\latex\amsfonts\umsa.fd"
File: umsa.fd 2013/01/14 v3.01 AMS symbols A
)
LaTeX Font Info:    Try loading font information for U+msb on input line 64.

("C:\Program Files\MiKTeX 2.9\tex\latex\amsfonts\umsb.fd"
File: umsb.fd 2013/01/14 v3.01 AMS symbols B
)
("C:\Program Files\MiKTeX 2.9\tex\context\base\supp-pdf.mkii"
[Loading MPS to PDF converter (version 2006.09.02).]
\scratchcounter=\count123
\scratchdimen=\dimen145
\scratchbox=\box55
\nofMPsegments=\count124
\nofMParguments=\count125
\everyMPshowfont=\toks26
\MPscratchCnt=\count126
\MPscratchDim=\dimen146
\MPnumerator=\count127
\makeMPintoPDFobject=\count128
\everyMPtoPDFconversion=\toks27
)
Package caption Info: Begin \AtBeginDocument code.
Package caption Info: End \AtBeginDocument code.


Class jihmsp Warning: Abstract should precede \maketitle in AMS documentclasses
; reported on input line 95.

LaTeX Font Info:    Try loading font information for OMS+cmr on input line 111.

("C:\Program Files\MiKTeX 2.9\tex\latex\base\omscmr.fd"
File: omscmr.fd 2014/09/29 v2.5h Standard LaTeX font definitions
)
LaTeX Font Info:    Font shape `OMS/cmr/m/n' in size <10> not available
(Font)              Font shape `OMS/cmsy/m/n' tried instead on input line 111.

Underfull \hbox (badness 10000) has occurred while \output is active

 []

[1{C:/ProgramData/MiKTeX/2.9/pdftex/config/pdftex.map}]
Missing character: There is no â in font cmr10!
Missing character: There is no € in font cmr10!
Missing character: There is no ™ in font cmr10!

Overfull \vbox (1.25pt too high) has occurred while \output is active []

 [2]
Underfull \hbox (badness 10000) in paragraph at lines 132--133

 []

<figureR1.png, id=16, 337.26pt x 103.88812pt>
File: figureR1.png Graphic file (type png)
 <use figureR1.png>
Package pdftex.def Info: figureR1.png used on input line 136.
(pdftex.def)             Requested size: 227.62523pt x 85.36159pt.

Overfull \vbox (1.25pt too high) has occurred while \output is active []

 [3 <./figureR1.png>]
Underfull \hbox (badness 10000) in paragraph at lines 150--160

 []


Underfull \hbox (badness 10000) in paragraph at lines 194--198

 []


Overfull \vbox (1.25pt too high) has occurred while \output is active []

 [4]
Underfull \hbox (badness 10000) in paragraph at lines 217--222

 []


Overfull \vbox (1.25pt too high) has occurred while \output is active []

 [5]
Underfull \hbox (badness 10000) in paragraph at lines 266--266
[]\OT1/cmr/m/n/10 Salt & Pep-per
 []


Underfull \hbox (badness 10000) in paragraph at lines 268--268
[]\OT1/cmr/m/n/10 JPEG Com-pres-
 []


Underfull \hbox (badness 10000) in paragraph at lines 272--272
[]\OT1/cmr/m/n/10 Increase Bright-
 []


Underfull \hbox (badness 10000) in paragraph at lines 273--273
[]\OT1/cmr/m/n/10 Decrease Bright-
 []


Overfull \hbox (6.17998pt too wide) in paragraph at lines 285--285
[]\OT1/cmr/bx/n/10 Acronym| 
 []


Overfull \hbox (6.17998pt too wide) in paragraph at lines 285--286
[]\OT1/cmr/bx/n/10 Acronym| 
 []


Underfull \hbox (badness 10000) in paragraph at lines 289--289
[]\OT1/cmr/m/n/10 Gamma Cor-rec-
 []


Underfull \hbox (badness 1194) in paragraph at lines 291--291
[]\OT1/cmr/m/n/10 Average of Data-
 []


Overfull \hbox (11.87044pt too wide) in paragraph at lines 300--300
[]\OT1/cmr/bx/n/10 Acronym| 
 []


Underfull \hbox (badness 10000) in paragraph at lines 308--308
[]\OT1/cmr/m/n/10 Proposed Mod-i-fied
 []


LaTeX Warning: `h' float specifier changed to `ht'.


LaTeX Warning: `h' float specifier changed to `ht'.


Underfull \hbox (badness 10000) in paragraph at lines 369--370

 []


LaTeX Warning: `h' float specifier changed to `ht'.

<NHDproposedmethod.png, id=33, 514.92375pt x 313.9228pt>
File: NHDproposedmethod.png Graphic file (type png)

<use NHDproposedmethod.png>
Package pdftex.def Info: NHDproposedmethod.png used on input line 465.
(pdftex.def)             Requested size: 227.62pt x 128.03377pt.


LaTeX Warning: `h' float specifier changed to `ht'.


Overfull \vbox (1.25pt too high) has occurred while \output is active []

 [6 <./NHDproposedmethod.png>]

LaTeX Warning: `h' float specifier changed to `ht'.

<ROCproposedmethod.png, id=37, 496.85625pt x 268.00125pt>
File: ROCproposedmethod.png Graphic file (type png)

<use ROCproposedmethod.png>
Package pdftex.def Info: ROCproposedmethod.png used on input line 518.
(pdftex.def)             Requested size: 227.62413pt x 128.0339pt.
 <1cropping.png, id=38, 514.92375pt x 271.0125pt>
File: 1cropping.png Graphic file (type png)

<use 1cropping.png>
Package pdftex.def Info: 1cropping.png used on input line 529.
(pdftex.def)             Requested size: 222.62204pt x 117.1658pt.
 <2saltandpepper.png, id=39, 513.41812pt x 269.50688pt>
File: 2saltandpepper.png Graphic file (type png)

<use 2saltandpepper.png>
Package pdftex.def Info: 2saltandpepper.png used on input line 530.
(pdftex.def)             Requested size: 222.62204pt x 116.8603pt.


LaTeX Warning: `h' float specifier changed to `ht'.

<3gaussian.png, id=40, 514.92375pt x 270.25969pt>
File: 3gaussian.png Graphic file (type png)
 <use 3gaussian.png>
Package pdftex.def Info: 3gaussian.png used on input line 537.
(pdftex.def)             Requested size: 222.62204pt x 116.84033pt.

<4scaling.png, id=41, 514.17094pt x 273.27094pt>
File: 4scaling.png Graphic file (type png)
 <use 4scaling.png>
Package pdftex.def Info: 4scaling.png used on input line 538.
(pdftex.def)             Requested size: 222.62204pt x 118.32147pt.


LaTeX Warning: `h' float specifier changed to `ht'.

<5rotation.png, id=42, 514.17094pt x 271.76532pt>
File: 5rotation.png Graphic file (type png)
 <use 5rotation.png>
Package pdftex.def Info: 5rotation.png used on input line 545.
(pdftex.def)             Requested size: 222.62204pt x 117.66957pt.

<6jpeg.png, id=43, 515.67656pt x 259.7203pt>
File: 6jpeg.png Graphic file (type png)
 <use 6jpeg.png>
Package pdftex.def Info: 6jpeg.png used on input line 546.
(pdftex.def)             Requested size: 222.62204pt x 112.1214pt.


LaTeX Warning: `h' float specifier changed to `ht'.

<7gammacorrection.png, id=44, 514.17094pt x 258.21469pt>
File: 7gammacorrection.png Graphic file (type png)

<use 7gammacorrection.png>
Package pdftex.def Info: 7gammacorrection.png used on input line 553.
(pdftex.def)             Requested size: 145.08136pt x 72.8591pt.

Underfull \hbox (badness 10000) in paragraph at lines 553--553
[]\OT1/cmr/m/sc/12 Figure
 []


Underfull \hbox (badness 10000) in paragraph at lines 553--553
\OT1/cmr/m/sc/12 10.|\OT1/cmr/m/n/12 ROC:
 []

<8increasebrightness.png, id=45, 539.01375pt x 287.57437pt>
File: 8increasebrightness.png Graphic file (type png)

<use 8increasebrightness.png>
Package pdftex.def Info: 8increasebrightness.png used on input line 554.
(pdftex.def)             Requested size: 145.08136pt x 77.40477pt.

Underfull \hbox (badness 10000) in paragraph at lines 554--554
[]\OT1/cmr/m/sc/12 Figure
 []


Underfull \hbox (badness 10000) in paragraph at lines 554--554
\OT1/cmr/m/sc/12 11.|\OT1/cmr/m/n/12 ROC:
 []


Underfull \hbox (badness 10000) in paragraph at lines 554--554
\OT1/cmr/m/n/12 In-crease
 []

<9decreasebrightness.png, id=46, 536.75531pt x 284.56313pt>
File: 9decreasebrightness.png Graphic file (type png)

<use 9decreasebrightness.png>
Package pdftex.def Info: 9decreasebrightness.png used on input line 555.
(pdftex.def)             Requested size: 145.08136pt x 76.91556pt.

Underfull \hbox (badness 10000) in paragraph at lines 555--555
[]\OT1/cmr/m/sc/12 Figure
 []


Underfull \hbox (badness 10000) in paragraph at lines 555--555
\OT1/cmr/m/sc/12 12.|\OT1/cmr/m/n/12 ROC:
 []


Underfull \hbox (badness 10000) in paragraph at lines 555--555
\OT1/cmr/m/n/12 De-crease
 []


LaTeX Warning: `h' float specifier changed to `ht'.

<10increasecontrast.png, id=47, 539.76656pt x 289.08pt>
File: 10increasecontrast.png Graphic file (type png)

<use 10increasecontrast.png>
Package pdftex.def Info: 10increasecontrast.png used on input line 562.
(pdftex.def)             Requested size: 222.62204pt x 119.22932pt.

<11decreasecontrast.png, id=48, 539.01375pt x 283.0575pt>
File: 11decreasecontrast.png Graphic file (type png)

<use 11decreasecontrast.png>
Package pdftex.def Info: 11decreasecontrast.png used on input line 563.
(pdftex.def)             Requested size: 222.62204pt x 116.9095pt.


LaTeX Warning: `h' float specifier changed to `ht'.


Overfull \vbox (1.25pt too high) has occurred while \output is active []

 [7]
Overfull \vbox (1.25pt too high) has occurred while \output is active []

 [8]
Overfull \vbox (1.25pt too high) has occurred while \output is active []

 [9 <./ROCproposedmethod.png> <./1cropping.png> <./2saltandpepper.png>]
Overfull \vbox (1.25pt too high) has occurred while \output is active []

 [10 <./3gaussian.png> <./4scaling.png> <./5rotation.png> <./6jpeg.png> <./7gam
macorrection.png> <./8increasebrightness.png> <./9decreasebrightness.png>]
Overfull \vbox (1.25pt too high) has occurred while \output is active []

 [11 <./10increasecontrast.png> <./11decreasecontrast.png>]
Overfull \vbox (1.25pt too high) has occurred while \output is active []

 [12]
(jihmsp-sample.aux) )
(\end occurred inside a group at level 2)

### simple group (level 2) entered at line 79 ({)
### simple group (level 1) entered at line 70 ({)
### bottom level 
Here is how much of TeX's memory you used:
 3618 strings out of 493698
 51229 string characters out of 3144410
 142005 words of memory out of 3000000
 6752 multiletter control sequences out of 15000+200000
 13064 words of font info for 50 fonts, out of 3000000 for 9000
 1186 hyphenation exceptions out of 8191
 36i,12n,38p,1981b,540s stack positions out of 5000i,500n,10000p,200000b,50000s
<C:/Program Files/MiKTeX 2.9/fonts/type1/public/amsfonts/cm/cmb
x10.pfb><C:/Program Files/MiKTeX 2.9/fonts/type1/public/amsfonts/cm/cmbx12.pfb>
<C:/Program Files/MiKTeX 2.9/fonts/type1/public/amsfonts/cm/cmcsc10.pfb><C:/Pro
gram Files/MiKTeX 2.9/fonts/type1/public/amsfonts/cm/cmex10.pfb><C:/Program Fil
es/MiKTeX 2.9/fonts/type1/public/amsfonts/cm/cmmi10.pfb><C:/Program Files/MiKTe
X 2.9/fonts/type1/public/amsfonts/cm/cmmi12.pfb><C:/Program Files/MiKTeX 2.9/fo
nts/type1/public/amsfonts/cm/cmmi7.pfb><C:/Program Files/MiKTeX 2.9/fonts/type1
/public/amsfonts/cm/cmmi8.pfb><C:/Program Files/MiKTeX 2.9/fonts/type1/public/a
msfonts/cm/cmr10.pfb><C:/Program Files/MiKTeX 2.9/fonts/type1/public/amsfonts/c
m/cmr12.pfb><C:/Program Files/MiKTeX 2.9/fonts/type1/public/amsfonts/cm/cmr7.pf
b><C:/Program Files/MiKTeX 2.9/fonts/type1/public/amsfonts/cm/cmr9.pfb><C:/Prog
ram Files/MiKTeX 2.9/fonts/type1/public/amsfonts/cm/cmsy10.pfb><C:/Program File
s/MiKTeX 2.9/fonts/type1/public/amsfonts/cm/cmsy7.pfb><C:/Program Files/MiKTeX 
2.9/fonts/type1/public/amsfonts/cm/cmti10.pfb>
Output written on jihmsp-sample.pdf (12 pages, 382847 bytes).
PDF statistics:
 115 PDF objects out of 1000 (max. 8388607)
 0 named destinations out of 1000 (max. 500000)
 71 words of extra memory for PDF output out of 10000 (max. 10000000)

